<?xml version="1.0" encoding="UTF-8"?>
<!-- Generated by org.testng.reporters.JUnitReportReporter -->
<testsuite skipped="0" hostname="DESKTOP-DL8U1DL" name="com.crm.qa.testcases.LoginPageTest" tests="3" failures="0" timestamp="16 Feb 2018 07:09:22 GMT" time="40.982" errors="0">
  <testcase name="loginPageTitleTest" time="9.818" classname="com.crm.qa.testcases.LoginPageTest"/>
  <testcase name="logoTest" time="11.310" classname="com.crm.qa.testcases.LoginPageTest"/>
  <testcase name="Login" time="19.854" classname="com.crm.qa.testcases.LoginPageTest"/>
</testsuite> <!-- com.crm.qa.testcases.LoginPageTest -->
